<?xml version="1.0" encoding="UTF-8"?>
<!-- Generated by org.testng.reporters.JUnitXMLReporter -->
<testsuite ignored="2" hostname="DESKTOP-74AA2QA" failures="0" tests="2" name="Test" time="0.123" errors="0" timestamp="2023-11-30T14:50:10 IST">
  <testcase classname="com.jenkinsproject30.testjenkins.Tc2Test" name="test3" time="0.023"/>
  <testcase classname="com.jenkinsproject30.testjenkins.Tc1Test" name="test2" time="0.004"/>
  <testcase classname="com.jenkinsproject30.testjenkins.Tc2Test" name="test4" time="0.0">
    <ignored/>
  </testcase> <!-- test4 -->
  <testcase classname="com.jenkinsproject30.testjenkins.Tc1Test" name="test1" time="0.0">
    <ignored/>
  </testcase> <!-- test1 -->
</testsuite> <!-- Test -->
