<?xml version="1.0" encoding="UTF-8"?>
<testng-results ignored="2" total="4" passed="2" failed="0" skipped="0">
  <reporter-output>
  </reporter-output>
  <suite started-at="2023-11-30T14:50:10 IST" name="Suite" finished-at="2023-11-30T14:50:10 IST" duration-ms="123">
    <groups>
      <group name="regression">
        <method signature="Tc1Test.test2()[pri:0, instance:com.jenkinsproject30.testjenkins.Tc1Test@14cd1699]" name="test2" class="com.jenkinsproject30.testjenkins.Tc1Test"/>
        <method signature="Tc2Test.test3()[pri:0, instance:com.jenkinsproject30.testjenkins.Tc2Test@7b2bbc3]" name="test3" class="com.jenkinsproject30.testjenkins.Tc2Test"/>
      </group> <!-- regression -->
    </groups>
    <test started-at="2023-11-30T14:50:10 IST" name="Test" finished-at="2023-11-30T14:50:10 IST" duration-ms="123">
      <class name="com.jenkinsproject30.testjenkins.Tc1Test">
        <test-method signature="test2()[pri:0, instance:com.jenkinsproject30.testjenkins.Tc1Test@14cd1699]" started-at="2023-11-30T14:50:10 IST" name="test2" finished-at="2023-11-30T14:50:10 IST" duration-ms="4" status="PASS">
          <reporter-output>
          </reporter-output>
        </test-method> <!-- test2 -->
      </class> <!-- com.jenkinsproject30.testjenkins.Tc1Test -->
      <class name="com.jenkinsproject30.testjenkins.Tc2Test">
        <test-method signature="test3()[pri:0, instance:com.jenkinsproject30.testjenkins.Tc2Test@7b2bbc3]" started-at="2023-11-30T14:50:10 IST" name="test3" finished-at="2023-11-30T14:50:10 IST" duration-ms="23" status="PASS">
          <reporter-output>
          </reporter-output>
        </test-method> <!-- test3 -->
      </class> <!-- com.jenkinsproject30.testjenkins.Tc2Test -->
    </test> <!-- Test -->
  </suite> <!-- Suite -->
</testng-results>
