<?xml version="1.0" encoding="UTF-8"?>
<testng-results ignored="0" total="1" passed="1" failed="0" skipped="0">
  <reporter-output>
  </reporter-output>
  <suite started-at="2023-11-30T13:01:27 IST" name="Default suite" finished-at="2023-11-30T13:01:47 IST" duration-ms="19890">
    <groups>
    </groups>
    <test started-at="2023-11-30T13:01:27 IST" name="Default test" finished-at="2023-11-30T13:01:47 IST" duration-ms="19890">
      <class name="com.jenkinsproject30.testjenkins.Tc1Test">
        <test-method signature="test1()[pri:0, instance:com.jenkinsproject30.testjenkins.Tc1Test@57a3af25]" started-at="2023-11-30T13:01:27 IST" name="test1" finished-at="2023-11-30T13:01:47 IST" duration-ms="19804" status="PASS">
          <reporter-output>
          </reporter-output>
        </test-method> <!-- test1 -->
      </class> <!-- com.jenkinsproject30.testjenkins.Tc1Test -->
    </test> <!-- Default test -->
  </suite> <!-- Default suite -->
</testng-results>
